<?xml version="1.0" encoding="UTF-8"?>
<testsuite name="com.bl.maxNum.MaximumNumberTest" tests="1" skipped="0" failures="0" errors="0" timestamp="2020-04-28T06:02:19" hostname="HP" time="0.013">
  <properties/>
  <testcase name="givenThreeFloat_findMaximum_atThirdPosition" classname="com.bl.maxNum.MaximumNumberTest" time="0.013"/>
  <system-out><![CDATA[]]></system-out>
  <system-err><![CDATA[]]></system-err>
</testsuite>
