<?xml version="1.0" encoding="UTF-8"?>
<testsuite name="com.bl.maxNum.MaximumNumberTest" tests="1" skipped="0" failures="0" errors="0" timestamp="2020-04-28T08:08:14" hostname="HP" time="0.003">
  <properties/>
  <testcase name="givenThreeString_findMaximum_atThirdPosition" classname="com.bl.maxNum.MaximumNumberTest" time="0.003"/>
  <system-out><![CDATA[]]></system-out>
  <system-err><![CDATA[]]></system-err>
</testsuite>
